<?xml version="1.0" encoding="UTF-8"?>
<testng-results ignored="0" total="2" passed="2" failed="0" skipped="0">
  <reporter-output>
  </reporter-output>
  <suite started-at="2020-11-25T11:12:57 GMT" name="Default suite" finished-at="2020-11-25T11:13:39 GMT" duration-ms="41170">
    <groups>
    </groups>
    <test started-at="2020-11-25T11:12:57 GMT" name="Default test" finished-at="2020-11-25T11:13:39 GMT" duration-ms="41170">
      <class name="sreedhar.cvlibrary.Homepage">
        <test-method signature="pagenavigation(java.lang.String, java.lang.String)[pri:0, instance:sreedhar.cvlibrary.Homepage@7c469c48]" started-at="2020-11-25T11:12:57 GMT" name="pagenavigation" data-provider="getdata" finished-at="2020-11-25T11:13:18 GMT" duration-ms="20897" status="PASS">
          <params>
            <param index="0">
              <value>
                <![CDATA[automation tester]]>
              </value>
            </param>
            <param index="1">
              <value>
                <![CDATA[london]]>
              </value>
            </param>
          </params>
          <reporter-output>
          </reporter-output>
        </test-method> <!-- pagenavigation -->
        <test-method signature="pagenavigation(java.lang.String, java.lang.String)[pri:0, instance:sreedhar.cvlibrary.Homepage@7c469c48]" started-at="2020-11-25T11:13:18 GMT" name="pagenavigation" data-provider="getdata" finished-at="2020-11-25T11:13:39 GMT" duration-ms="20192" status="PASS">
          <params>
            <param index="0">
              <value>
                <![CDATA[manual tester]]>
              </value>
            </param>
            <param index="1">
              <value>
                <![CDATA[fleet]]>
              </value>
            </param>
          </params>
          <reporter-output>
          </reporter-output>
        </test-method> <!-- pagenavigation -->
      </class> <!-- sreedhar.cvlibrary.Homepage -->
    </test> <!-- Default test -->
  </suite> <!-- Default suite -->
</testng-results>
